Using pre-set license
Built from '2020.2/release' branch; Version is '2020.2.4f1 (becced5a802b) revision 12504301'; Using compiler version '192528614'; Build Type 'Release'
OS: 'Windows 10 Home; OS build 19042.804; Version 2009; 64bit' Language: 'en' Physical Memory: 16339 MB
BatchMode: 1, IsHumanControllingUs: 0, StartBugReporterOnCrash: 0, Is64bit: 1, IsPro: 0

 COMMAND LINE ARGUMENTS:
C:\Program Files\Unity\Hub\Editor\2020.2.4f1\Editor\Unity.exe
-adb2
-batchMode
-noUpm
-name
AssetImportWorker0
-projectPath
C:/Users/BArdo/Documents/GitHub/Apes-Together-Strong/Apes Together Strong
-logFile
Logs/AssetImportWorker0.log
-srvPort
58186
Successfully changed project path to: C:/Users/BArdo/Documents/GitHub/Apes-Together-Strong/Apes Together Strong
C:/Users/BArdo/Documents/GitHub/Apes-Together-Strong/Apes Together Strong
Using Asset Import Pipeline V2.
Refreshing native plugins compatible for Editor in 46.39 ms, found 1 plugins.
Preloading 0 native plugins for Editor in 0.00 ms.
Initialize engine version: 2020.2.4f1 (becced5a802b)
[Subsystems] Discovering subsystems at path C:/Program Files/Unity/Hub/Editor/2020.2.4f1/Editor/Data/Resources/UnitySubsystems
[Subsystems] Discovering subsystems at path C:/Users/BArdo/Documents/GitHub/Apes-Together-Strong/Apes Together Strong/Assets
GfxDevice: creating device client; threaded=0
Direct3D:
    Version:  Direct3D 11.0 [level 11.1]
    Renderer: NVIDIA GeForce GTX 1060 (ID=0x1c60)
    Vendor:   
    VRAM:     6052 MB
    Driver:   27.21.14.6140
Initialize mono
Mono path[0] = 'C:/Program Files/Unity/Hub/Editor/2020.2.4f1/Editor/Data/Managed'
Mono path[1] = 'C:/Program Files/Unity/Hub/Editor/2020.2.4f1/Editor/Data/MonoBleedingEdge/lib/mono/unityjit'
Mono config path = 'C:/Program Files/Unity/Hub/Editor/2020.2.4f1/Editor/Data/MonoBleedingEdge/etc'
Using monoOptions --debugger-agent=transport=dt_socket,embedding=1,server=y,suspend=n,address=127.0.0.1:56704
Begin MonoManager ReloadAssembly
Registering precompiled unity dll's ...
Register platform support module: C:/Program Files/Unity/Hub/Editor/2020.2.4f1/Editor/Data/PlaybackEngines/WindowsStandaloneSupport/UnityEditor.WindowsStandalone.Extensions.dll
Registered in 0.002734 seconds.
Native extension for WindowsStandalone target not found
Refreshing native plugins compatible for Editor in 41.69 ms, found 1 plugins.
Preloading 0 native plugins for Editor in 0.00 ms.
Invoked RoslynAnalysisRunner static constructor.
RoslynAnalysisRunner will not be running.
RoslynAnalysisRunner has terminated.
Mono: successfully reloaded assembly
- Completed reload, in  1.409 seconds
Platform modules already initialized, skipping
Registering precompiled user dll's ...
Registered in 0.001475 seconds.
Begin MonoManager ReloadAssembly
Native extension for WindowsStandalone target not found
Refreshing native plugins compatible for Editor in 44.76 ms, found 1 plugins.
Preloading 0 native plugins for Editor in 0.00 ms.
Invoked RoslynAnalysisRunner static constructor.
RoslynAnalysisRunner will not be running.
RoslynAnalysisRunner has terminated.
Mono: successfully reloaded assembly
- Completed reload, in  1.147 seconds
Platform modules already initialized, skipping
========================================================================
Worker process is ready to serve import requests
Launched and connected shader compiler UnityShaderCompiler.exe after 0.08 seconds
Refreshing native plugins compatible for Editor in 0.69 ms, found 1 plugins.
Preloading 0 native plugins for Editor in 0.00 ms.
Unloading 1797 Unused Serialized files (Serialized files now loaded: 0)
System memory in use before: 84.3 MB.
System memory in use after: 84.3 MB.

Unloading 24 unused Assets to reduce memory usage. Loaded Objects now: 2238.
Total: 2.696800 ms (FindLiveObjects: 0.181600 ms CreateObjectMapping: 0.071000 ms MarkObjects: 2.267400 ms  DeleteObjects: 0.175700 ms)

========================================================================
Received Import Request.
  path: Assets/Scenes
  artifactKey: Guid(c6a1c43b9267b1e4884b888affe20a72) Importer(815301076,1909f56bfc062723c751e8b465ee728b)
Start importing Assets/Scenes using Guid(c6a1c43b9267b1e4884b888affe20a72) Importer(815301076,1909f56bfc062723c751e8b465ee728b)  -> (artifact id: 'beab2c9b6f60ef3b1a85d1774e6762bb') in 0.012838 seconds
  Import took 0.017037 seconds .

========================================================================
Received Import Request.
  Time since last request: 0.000414 seconds.
  path: Assets/Scenes/SampleScene.unity
  artifactKey: Guid(2cda990e2423bbf4892e6590ba056729) Importer(815301076,1909f56bfc062723c751e8b465ee728b)
Start importing Assets/Scenes/SampleScene.unity using Guid(2cda990e2423bbf4892e6590ba056729) Importer(815301076,1909f56bfc062723c751e8b465ee728b)  -> (artifact id: '709747ac962673ab5b16e669a9755bb9') in 0.017759 seconds
  Import took 0.021718 seconds .

========================================================================
Received Import Request.
  Time since last request: 20.225662 seconds.
  path: Assets/Scenes/Test.unity
  artifactKey: Guid(243a382ed73fa3542b022e09e8dc13fa) Importer(815301076,1909f56bfc062723c751e8b465ee728b)
Start importing Assets/Scenes/Test.unity using Guid(243a382ed73fa3542b022e09e8dc13fa) Importer(815301076,1909f56bfc062723c751e8b465ee728b)  -> (artifact id: '8cea8b26c89b545c8358a19510267e1a') in 0.009755 seconds
  Import took 0.013980 seconds .

========================================================================
Received Import Request.
  Time since last request: 24.133042 seconds.
  path: Assets
  artifactKey: Guid(00000000000000001000000000000000) Importer(815301076,1909f56bfc062723c751e8b465ee728b)
Start importing Assets using Guid(00000000000000001000000000000000) Importer(815301076,1909f56bfc062723c751e8b465ee728b)  -> (artifact id: 'edc3feb264a98656617d3c2cb59c8f16') in 0.008700 seconds
  Import took 0.012947 seconds .

========================================================================
Received Import Request.
  Time since last request: 16.053141 seconds.
  path: Assets/Player.png
  artifactKey: Guid(5e673a3de061fb040997d8b3feb5436c) Importer(815301076,1909f56bfc062723c751e8b465ee728b)
Start importing Assets/Player.png using Guid(5e673a3de061fb040997d8b3feb5436c) Importer(815301076,1909f56bfc062723c751e8b465ee728b)  -> (artifact id: '238670f430ba2effa81e29820aa60dbb') in 0.128073 seconds
  Import took 0.131543 seconds .

========================================================================
Received Import Request.
  Time since last request: 32.093941 seconds.
  path: Assets/Player.png
  artifactKey: Guid(5e673a3de061fb040997d8b3feb5436c) Importer(815301076,1909f56bfc062723c751e8b465ee728b)
Start importing Assets/Player.png using Guid(5e673a3de061fb040997d8b3feb5436c) Importer(815301076,1909f56bfc062723c751e8b465ee728b)  -> (artifact id: 'f9c46da6bda75f1086278d513a61a54a') in 0.022148 seconds
  Import took 0.026862 seconds .

========================================================================
Received Prepare
Registering precompiled user dll's ...
Registered in 0.001183 seconds.
Begin MonoManager ReloadAssembly
Native extension for WindowsStandalone target not found
Refreshing native plugins compatible for Editor in 0.54 ms, found 1 plugins.
Preloading 0 native plugins for Editor in 0.00 ms.
Invoked RoslynAnalysisRunner static constructor.
RoslynAnalysisRunner will not be running.
RoslynAnalysisRunner has terminated.
Mono: successfully reloaded assembly
- Completed reload, in  1.008 seconds
Platform modules already initialized, skipping
Refreshing native plugins compatible for Editor in 0.34 ms, found 1 plugins.
Preloading 0 native plugins for Editor in 0.00 ms.
Unloading 1792 Unused Serialized files (Serialized files now loaded: 0)
System memory in use before: 87.4 MB.
System memory in use after: 87.4 MB.

Unloading 12 unused Assets to reduce memory usage. Loaded Objects now: 2247.
Total: 2.581800 ms (FindLiveObjects: 0.216200 ms CreateObjectMapping: 0.073300 ms MarkObjects: 2.123000 ms  DeleteObjects: 0.167700 ms)

========================================================================
Received Import Request.
  Time since last request: 202.618219 seconds.
  path: Assets/PlayerMovement.cs
  artifactKey: Guid(d8851a7fb97f6de4490d0dbe3b3a506c) Importer(815301076,1909f56bfc062723c751e8b465ee728b)
Start importing Assets/PlayerMovement.cs using Guid(d8851a7fb97f6de4490d0dbe3b3a506c) Importer(815301076,1909f56bfc062723c751e8b465ee728b)  -> (artifact id: '2d37ff4c0e88feaa093347ccf044c1ff') in 0.026765 seconds
  Import took 0.030645 seconds .

========================================================================
Received Prepare
Registering precompiled user dll's ...
Registered in 0.001140 seconds.
Begin MonoManager ReloadAssembly
Native extension for WindowsStandalone target not found
Refreshing native plugins compatible for Editor in 0.35 ms, found 1 plugins.
Preloading 0 native plugins for Editor in 0.00 ms.
Invoked RoslynAnalysisRunner static constructor.
RoslynAnalysisRunner will not be running.
RoslynAnalysisRunner has terminated.
Mono: successfully reloaded assembly
- Completed reload, in  1.058 seconds
Platform modules already initialized, skipping
Refreshing native plugins compatible for Editor in 0.35 ms, found 1 plugins.
Preloading 0 native plugins for Editor in 0.00 ms.
Unloading 1793 Unused Serialized files (Serialized files now loaded: 0)
System memory in use before: 87.4 MB.
System memory in use after: 87.4 MB.

Unloading 12 unused Assets to reduce memory usage. Loaded Objects now: 2251.
Total: 2.289300 ms (FindLiveObjects: 0.182100 ms CreateObjectMapping: 0.071600 ms MarkObjects: 1.863200 ms  DeleteObjects: 0.171200 ms)

========================================================================
Received Prepare
Registering precompiled user dll's ...
Registered in 0.001216 seconds.
Begin MonoManager ReloadAssembly
Native extension for WindowsStandalone target not found
Refreshing native plugins compatible for Editor in 0.65 ms, found 1 plugins.
Preloading 0 native plugins for Editor in 0.00 ms.
Invoked RoslynAnalysisRunner static constructor.
RoslynAnalysisRunner will not be running.
RoslynAnalysisRunner has terminated.
Mono: successfully reloaded assembly
- Completed reload, in  1.039 seconds
Platform modules already initialized, skipping
Refreshing native plugins compatible for Editor in 0.56 ms, found 1 plugins.
Preloading 0 native plugins for Editor in 0.00 ms.
Unloading 1793 Unused Serialized files (Serialized files now loaded: 0)
System memory in use before: 87.5 MB.
System memory in use after: 87.5 MB.

Unloading 12 unused Assets to reduce memory usage. Loaded Objects now: 2254.
Total: 2.263000 ms (FindLiveObjects: 0.205000 ms CreateObjectMapping: 0.055800 ms MarkObjects: 1.851400 ms  DeleteObjects: 0.149600 ms)

========================================================================
Received Import Request.
  Time since last request: 132.058438 seconds.
  path: Assets/PlayerMovement.cs
  artifactKey: Guid(d8851a7fb97f6de4490d0dbe3b3a506c) Importer(815301076,1909f56bfc062723c751e8b465ee728b)
Start importing Assets/PlayerMovement.cs using Guid(d8851a7fb97f6de4490d0dbe3b3a506c) Importer(815301076,1909f56bfc062723c751e8b465ee728b)  -> (artifact id: '441050b4612bb55faf2ff543734fc9d7') in 0.006920 seconds
  Import took 0.011422 seconds .

========================================================================
Received Prepare
Registering precompiled user dll's ...
Registered in 0.001429 seconds.
Begin MonoManager ReloadAssembly
Native extension for WindowsStandalone target not found
Refreshing native plugins compatible for Editor in 0.34 ms, found 1 plugins.
Preloading 0 native plugins for Editor in 0.00 ms.
Invoked RoslynAnalysisRunner static constructor.
RoslynAnalysisRunner will not be running.
RoslynAnalysisRunner has terminated.
Mono: successfully reloaded assembly
- Completed reload, in  1.061 seconds
Platform modules already initialized, skipping
Refreshing native plugins compatible for Editor in 0.34 ms, found 1 plugins.
Preloading 0 native plugins for Editor in 0.00 ms.
Unloading 1793 Unused Serialized files (Serialized files now loaded: 0)
System memory in use before: 87.5 MB.
System memory in use after: 87.5 MB.

Unloading 12 unused Assets to reduce memory usage. Loaded Objects now: 2257.
Total: 2.768500 ms (FindLiveObjects: 0.397300 ms CreateObjectMapping: 0.267000 ms MarkObjects: 1.875300 ms  DeleteObjects: 0.227400 ms)

AssetImportWorkerClient::OnTransportError - code=2 error=End of file
